0 info it worked if it ends with ok
1 verbose cli [ 'node', '/Users/james/.nvm/v0.10.38/bin/npm', 'start' ]
2 info using npm@2.11.0
3 info using node@v0.10.38
4 verbose run-script [ 'prestart', 'start', 'poststart' ]
5 info prestart hackingedu@0.0.1
6 info start hackingedu@0.0.1
7 verbose unsafe-perm in lifecycle true
8 info hackingedu@0.0.1 Failed to exec start script
9 verbose stack Error: hackingedu@0.0.1 start: `npm install && browserify app.js -o public/js/bundle.js | uglifyjs > public/js/bundle.js && nodemon server`
9 verbose stack Exit status 1
9 verbose stack     at EventEmitter.<anonymous> (/Users/james/.nvm/v0.10.38/lib/node_modules/npm/lib/utils/lifecycle.js:213:16)
9 verbose stack     at EventEmitter.emit (events.js:98:17)
9 verbose stack     at ChildProcess.<anonymous> (/Users/james/.nvm/v0.10.38/lib/node_modules/npm/lib/utils/spawn.js:24:14)
9 verbose stack     at ChildProcess.emit (events.js:98:17)
9 verbose stack     at maybeClose (child_process.js:766:16)
9 verbose stack     at Process.ChildProcess._handle.onexit (child_process.js:833:5)
10 verbose pkgid hackingedu@0.0.1
11 verbose cwd /Users/james/Dropbox/Projects/hackingedu/website-ro
12 error Darwin 14.3.0
13 error argv "node" "/Users/james/.nvm/v0.10.38/bin/npm" "start"
14 error node v0.10.38
15 error npm  v2.11.0
16 error code ELIFECYCLE
17 error hackingedu@0.0.1 start: `npm install && browserify app.js -o public/js/bundle.js | uglifyjs > public/js/bundle.js && nodemon server`
17 error Exit status 1
18 error Failed at the hackingedu@0.0.1 start script 'npm install && browserify app.js -o public/js/bundle.js | uglifyjs > public/js/bundle.js && nodemon server'.
18 error This is most likely a problem with the hackingedu package,
18 error not with npm itself.
18 error Tell the author that this fails on your system:
18 error     npm install && browserify app.js -o public/js/bundle.js | uglifyjs > public/js/bundle.js && nodemon server
18 error You can get their info via:
18 error     npm owner ls hackingedu
18 error There is likely additional logging output above.
19 verbose exit [ 1, true ]
